Arguments: 
  /usr/local/Cellar/node/9.8.0/bin/node /usr/local/bin/yarn start

PATH: 
  /Users/mww132/Downloads/google-cloud-sdk/bin:/usr/local/share/dotnet:/Users/mww132/.rbenv/shims:/usr/local/bin:/usr/bin:/bin:/usr/sbin:/sbin:/usr/local/share/dotnet:/usr/local/Cellar/springboot/1.5.3.RELEASE/bin:/Users/mww132/Downloads/vault-cli-2.4.40/bin

Yarn version: 
  1.5.1

Node version: 
  9.8.0

Platform: 
  darwin x64

npm manifest: 
  No manifest

yarn manifest: 
  No manifest

Lockfile: 
  No lockfile

Trace: 
  Error: Couldn't find a package.json file in "/Users/mww132/sandbox/code-samples/angular/demo-angular-app"
      at new MessageError (/usr/local/lib/node_modules/yarn/lib/cli.js:186:110)
      at /usr/local/lib/node_modules/yarn/lib/cli.js:40048:15
      at Generator.next (<anonymous>)
      at step (/usr/local/lib/node_modules/yarn/lib/cli.js:98:30)
      at /usr/local/lib/node_modules/yarn/lib/cli.js:109:13
      at <anonymous>
